Arguments: 
  /home/thales/.nvm/versions/node/v20.1.0/bin/node /mnt/c/Users/spani/AppData/Roaming/npm/node_modules/yarn/bin/yarn.js add --dev hardhat

PATH: 
  /home/thales/.nvm/versions/node/v20.1.0/bin:/usr/local/sbin:/usr/local/bin:/usr/sbin:/usr/bin:/sbin:/bin:/usr/games:/usr/local/games:/usr/lib/wsl/lib:/mnt/c/Users/spani/bin:/mnt/c/Program Files/Git/mingw64/bin:/mnt/c/Program Files/Git/usr/local/bin:/mnt/c/Program Files/Git/usr/bin:/mnt/c/Program Files/Git/usr/bin:/mnt/c/Program Files/Git/mingw64/bin:/mnt/c/Program Files/Git/usr/bin:/mnt/c/Users/spani/bin:/mnt/c/Program Files (x86)/VMware/VMware Player/bin:/mnt/c/Windows/system32:/mnt/c/Windows:/mnt/c/Windows/System32/Wbem:/mnt/c/Windows/System32/WindowsPowerShell/v1.0:/mnt/c/Windows/System32/OpenSSH:/mnt/c/Program Files/Git/cmd:/mnt/c/Program Files/Docker/Docker/resources/bin:/mnt/c/ProgramData/DockerDesktop/version-bin:/mnt/c/Users/spani/AppData/Roaming/nvm:/mnt/c/Program Files/nodejs:/mnt/c/Program Files/nodejs:/mnt/c/Users/spani/.cargo/bin:/mnt/c/Users/spani/anaconda3:/mnt/c/Users/spani/anaconda3/Library/mingw-w64/bin:/mnt/c/Users/spani/anaconda3/Library/usr/bin:/mnt/c/Users/spani/anaconda3/Library/bin:/mnt/c/Users/spani/anaconda3/Scripts:/mnt/c/Users/spani/AppData/Local/Programs/Python/Python310/Scripts:/mnt/c/Users/spani/AppData/Local/Programs/Python/Python310:/mnt/c/Users/spani/AppData/Local/Microsoft/WindowsApps:/mnt/c/Users/spani/AppData/Local/Programs/Microsoft VS Code/bin:/mnt/c/Users/spani/AppData/Roaming/Python/Python39/Scripts:/mnt/c/Program Files/MongoDB/Server/5.0/bin:/mnt/c/Users/spani/AppData/Local/Programs/mongosh:/mnt/c/Users/spani/.fly/bin:/mnt/c/Program Files (x86)/Nmap:/mnt/c/Users/spani/AppData/Roaming/nvm:/mnt/c/Program Files/nodejs:/mnt/c/Users/spani/AppData/Roaming/npm:/mnt/c/Program Files/Git/usr/bin/vendor_perl:/mnt/c/Program Files/Git/usr/bin/core_perl:/snap/bin

Yarn version: 
  1.22.19

Node version: 
  20.1.0

Platform: 
  linux x64

Trace: 
  SyntaxError: /home/thales/.cache/yarn/v6/npm-lodash-4.17.21-679591c564c3bffaae8454cf0b3df370c3d6911c-integrity/node_modules/lodash/.yarn-metadata.json: Unexpected end of JSON input
      at JSON.parse (<anonymous>)
      at /mnt/c/Users/spani/AppData/Roaming/npm/node_modules/yarn/lib/cli.js:1629:59
      at Generator.next (<anonymous>)
      at step (/mnt/c/Users/spani/AppData/Roaming/npm/node_modules/yarn/lib/cli.js:310:30)
      at /mnt/c/Users/spani/AppData/Roaming/npm/node_modules/yarn/lib/cli.js:321:13

npm manifest: 
  {
    "name": "hardhat-simple-storage",
    "version": "1.0.0",
    "license": "MIT"
  }

yarn manifest: 
  No manifest

Lockfile: 
  No lockfile
